C51 COMPILER V9.53.0.0   INTERRUPTS                                                        03/30/2017 21:54:29 PAGE 1   


C51 COMPILER V9.53.0.0, COMPILATION OF MODULE INTERRUPTS
OBJECT MODULE PLACED IN .\src\Interrupts.OBJ
COMPILER INVOKED BY: c:\SiliconLabs\SimplicityStudio\v4\developer\toolchains\keil_8051\9.53\BIN\C51.exe C:\Users\Ali Rah
                    -man\SimplicityStudio\v4_workspace\OPCODES\src\Interrupts.c OMF2 SMALL DEBUG OBJECTEXTEND ROM(LARGE) WARNINGLEVEL(2) FLOA
                    -TFUZZY(3) OPTIMIZE(8,SPEED) DEFINE(DEBUG=1) INTVECTOR(0X0000) INTPROMOTE INCDIR(C:/Users/Ali%25252520Rahman/SimplicitySt
                    -udio/v4_workspace/OPCODES/inc;C:/SiliconLabs/SimplicityStudio/v4/developer/sdks/8051/v4.0.3//Device/shared/si8051base;C:
                    -/SiliconLabs/SimplicityStudio/v4/developer/sdks/8051/v4.0.3//Device/EFM8BB3/inc) PRINT(.\src\Interrupts.lst) COND PAGEWI
                    -DTH(120) PAGELENGTH(65) OBJECT(.\src\Interrupts.OBJ)

line level    source

   1          //=========================================================
   2          // src/Interrupts.c: generated by Hardware Configurator
   3          //
   4          // This file will be regenerated when saving a document.
   5          // leave the sections inside the "$[...]" comment tags alone
   6          // or they will be overwritten!!
   7          //=========================================================
   8          
   9          // USER INCLUDES
  10          #include <SI_EFM8BB3_Register_Enums.h>
  11          
  12          //-----------------------------------------------------------------------------
  13          // TIMER2_ISR
  14          //-----------------------------------------------------------------------------
  15          //
  16          // TIMER2 ISR Content goes here. Remember to clear flag bits:
  17          // TMR2CN0::TF2H (Timer # High Byte Overflow Flag)
  18          // TMR2CN0::TF2L (Timer # Low Byte Overflow Flag)
  19          //
  20          //-----------------------------------------------------------------------------
  21          SI_INTERRUPT (TIMER2_ISR, TIMER2_IRQn)
  22          {
  23   1      
  24   1      }
  25          


MODULE INFORMATION:   STATIC OVERLAYABLE
   CODE SIZE        =      4    ----
   CONSTANT SIZE    =   ----    ----
   XDATA SIZE       =   ----    ----
   PDATA SIZE       =   ----    ----
   DATA SIZE        =   ----    ----
   IDATA SIZE       =   ----    ----
   BIT SIZE         =   ----    ----
   EDATA SIZE       =   ----    ----
   HDATA SIZE       =   ----    ----
   XDATA CONST SIZE =   ----    ----
   FAR CONST SIZE   =   ----    ----
END OF MODULE INFORMATION.


C51 COMPILATION COMPLETE.  0 WARNING(S),  0 ERROR(S)
