C51 COMPILER V9.53.0.0   INITDEVICE                                                        03/31/2017 14:10:30 PAGE 1   


C51 COMPILER V9.53.0.0, COMPILATION OF MODULE INITDEVICE
OBJECT MODULE PLACED IN .\src\InitDevice.OBJ
COMPILER INVOKED BY: c:\SiliconLabs\SimplicityStudio\v4\developer\toolchains\keil_8051\9.53\BIN\C51.exe C:\Users\Ali Rah
                    -man\SimplicityStudio\v4_workspace\ALU\src\InitDevice.c OMF2 SMALL DEBUG OBJECTEXTEND ROM(LARGE) WARNINGLEVEL(2) FLOATFUZ
                    -ZY(3) OPTIMIZE(8,SPEED) DEFINE(DEBUG=1) INTVECTOR(0X0000) INTPROMOTE INCDIR(C:\Users\Ali Rahman\SimplicityStudio\v4_work
                    -space\ALU\inc;C:/SiliconLabs/SimplicityStudio/v4/developer/sdks/8051/v4.0.3//Device/shared/si8051base;C:/SiliconLabs/Sim
                    -plicityStudio/v4/developer/sdks/8051/v4.0.3//Device/EFM8BB3/inc) PRINT(.\src\InitDevice.lst) COND PAGEWIDTH(120) PAGELEN
                    -GTH(65) OBJECT(.\src\InitDevice.OBJ)

line level    source

   1          //=========================================================
   2          // src/InitDevice.c: generated by Hardware Configurator
   3          //
   4          // This file will be regenerated when saving a document.
   5          // leave the sections inside the "$[...]" comment tags alone
   6          // or they will be overwritten!!
   7          //=========================================================
   8          
   9          // USER INCLUDES
  10          #include <SI_EFM8BB3_Register_Enums.h>
  11          #include "InitDevice.h"
  12          
  13          // USER PROTOTYPES
  14          // USER FUNCTIONS
  15          
  16          // $[Library Includes]
  17          // [Library Includes]$
  18          
  19          //==============================================================================
  20          // enter_DefaultMode_from_RESET
  21          //==============================================================================
  22          extern void enter_DefaultMode_from_RESET(void) {
  23   1              // $[Config Calls]
  24   1              // Save the SFRPAGE
  25   1              uint8_t SFRPAGE_save = SFRPAGE;
  26   1              PORTS_0_enter_DefaultMode_from_RESET();
  27   1              PBCFG_0_enter_DefaultMode_from_RESET();
  28   1              // Restore the SFRPAGE
  29   1              SFRPAGE = SFRPAGE_save;
  30   1              // [Config Calls]$
  31   1      
  32   1      }
  33          
  34          //================================================================================
  35          // PORTS_0_enter_DefaultMode_from_RESET
  36          //================================================================================
  37          extern void PORTS_0_enter_DefaultMode_from_RESET(void) {
  38   1              // $[P0 - Port 0 Pin Latch]
  39   1              // [P0 - Port 0 Pin Latch]$
  40   1      
  41   1              // $[P0MDOUT - Port 0 Output Mode]
  42   1              /***********************************************************************
  43   1               - P0.0 output is open-drain
  44   1               - P0.1 output is push-pull
  45   1               - P0.2 output is push-pull
  46   1               - P0.3 output is push-pull
  47   1               - P0.4 output is push-pull
  48   1               - P0.5 output is push-pull
  49   1               - P0.6 output is push-pull
  50   1               - P0.7 output is push-pull
  51   1               ***********************************************************************/
C51 COMPILER V9.53.0.0   INITDEVICE                                                        03/31/2017 14:10:30 PAGE 2   

  52   1              SFRPAGE = 0x00;
  53   1              P0MDOUT = P0MDOUT_B0__OPEN_DRAIN | P0MDOUT_B1__PUSH_PULL
  54   1                              | P0MDOUT_B2__PUSH_PULL | P0MDOUT_B3__PUSH_PULL
  55   1                              | P0MDOUT_B4__PUSH_PULL | P0MDOUT_B5__PUSH_PULL
  56   1                              | P0MDOUT_B6__PUSH_PULL | P0MDOUT_B7__PUSH_PULL;
  57   1              // [P0MDOUT - Port 0 Output Mode]$
  58   1      
  59   1              // $[P0MDIN - Port 0 Input Mode]
  60   1              // [P0MDIN - Port 0 Input Mode]$
  61   1      
  62   1              // $[P0SKIP - Port 0 Skip]
  63   1              /***********************************************************************
  64   1               - P0.0 pin is not skipped by the crossbar
  65   1               - P0.1 pin is skipped by the crossbar
  66   1               - P0.2 pin is skipped by the crossbar
  67   1               - P0.3 pin is skipped by the crossbar
  68   1               - P0.4 pin is skipped by the crossbar
  69   1               - P0.5 pin is skipped by the crossbar
  70   1               - P0.6 pin is skipped by the crossbar
  71   1               - P0.7 pin is skipped by the crossbar
  72   1               ***********************************************************************/
  73   1              P0SKIP = P0SKIP_B0__NOT_SKIPPED | P0SKIP_B1__SKIPPED | P0SKIP_B2__SKIPPED
  74   1                              | P0SKIP_B3__SKIPPED | P0SKIP_B4__SKIPPED | P0SKIP_B5__SKIPPED
  75   1                              | P0SKIP_B6__SKIPPED | P0SKIP_B7__SKIPPED;
  76   1              // [P0SKIP - Port 0 Skip]$
  77   1      
  78   1              // $[P0MASK - Port 0 Mask]
  79   1              // [P0MASK - Port 0 Mask]$
  80   1      
  81   1              // $[P0MAT - Port 0 Match]
  82   1              // [P0MAT - Port 0 Match]$
  83   1      
  84   1      }
  85          
  86          //================================================================================
  87          // PBCFG_0_enter_DefaultMode_from_RESET
  88          //================================================================================
  89          extern void PBCFG_0_enter_DefaultMode_from_RESET(void) {
  90   1              // $[XBR2 - Port I/O Crossbar 2]
  91   1              // [XBR2 - Port I/O Crossbar 2]$
  92   1      
  93   1              // $[PRTDRV - Port Drive Strength]
  94   1              // [PRTDRV - Port Drive Strength]$
  95   1      
  96   1              // $[XBR0 - Port I/O Crossbar 0]
  97   1              // [XBR0 - Port I/O Crossbar 0]$
  98   1      
  99   1              // $[XBR1 - Port I/O Crossbar 1]
 100   1              // [XBR1 - Port I/O Crossbar 1]$
 101   1      
 102   1      }
 103          


MODULE INFORMATION:   STATIC OVERLAYABLE
   CODE SIZE        =     24    ----
   CONSTANT SIZE    =   ----    ----
   XDATA SIZE       =   ----    ----
   PDATA SIZE       =   ----    ----
   DATA SIZE        =   ----       1
   IDATA SIZE       =   ----    ----
   BIT SIZE         =   ----    ----
   EDATA SIZE       =   ----    ----
C51 COMPILER V9.53.0.0   INITDEVICE                                                        03/31/2017 14:10:30 PAGE 3   

   HDATA SIZE       =   ----    ----
   XDATA CONST SIZE =   ----    ----
   FAR CONST SIZE   =   ----    ----
END OF MODULE INFORMATION.


C51 COMPILATION COMPLETE.  0 WARNING(S),  0 ERROR(S)
