C51 COMPILER V9.53.0.0   MAIN                                                              03/31/2017 14:32:26 PAGE 1   


C51 COMPILER V9.53.0.0, COMPILATION OF MODULE MAIN
OBJECT MODULE PLACED IN .\src\main.OBJ
COMPILER INVOKED BY: c:\SiliconLabs\SimplicityStudio\v4\developer\toolchains\keil_8051\9.53\BIN\C51.exe C:\Users\Ali Rah
                    -man\SimplicityStudio\v4_workspace\ALU\src\main.c OMF2 SMALL DEBUG OBJECTEXTEND ROM(LARGE) WARNINGLEVEL(2) FLOATFUZZY(3) 
                    -OPTIMIZE(8,SPEED) DEFINE(DEBUG=1) INTVECTOR(0X0000) INTPROMOTE INCDIR(C:\Users\Ali Rahman\SimplicityStudio\v4_workspace\
                    -ALU\inc;C:/SiliconLabs/SimplicityStudio/v4/developer/sdks/8051/v4.0.3//Device/shared/si8051base;C:/SiliconLabs/Simplicit
                    -yStudio/v4/developer/sdks/8051/v4.0.3//Device/EFM8BB3/inc) PRINT(.\src\main.lst) COND PAGEWIDTH(120) PAGELENGTH(65) OBJE
                    -CT(.\src\main.OBJ)

line level    source

   1          
   2          //-----------------------------------------------------------------------------
   3          // Includes
   4          //-----------------------------------------------------------------------------
   5          #include <SI_EFM8BB3_Register_Enums.h>                // SFR declarations
   6          //#include "InitDevice.c"
   7          
   8          //-----------------------------------------------------------------------------
   9          // main() Routine
  10          // ----------------------------------------------------------------------------
  11          //
  12          // Note: the software watchdog timer is not disabled by default in this
  13          // example, so a long-running program will reset periodically unless
  14          // the timer is disabled or your program periodically writes to it.
  15          //
  16          // Review the "Watchdog Timer" section under the part family's datasheet
  17          // for details. To find the datasheet, select your part in the
  18          // Simplicity Launcher and click on "Data Sheet".
  19          //
  20          //-----------------------------------------------------------------------------
  21          
  22          
  23          void CLOCK(bool);
  24          void DATA1(bool);
  25          void DATA2(bool);
  26          void DATA3(bool);
  27          void DATA4(bool);
  28          void OPCODE1(bool);
  29          void OPCODE2(bool);
  30          
  31          //void averagedelay(int);
  32          int delay = 5000;
  33          void averagedelay(){
  34   1              int z = 0;
  35   1              for(z=0;z<=delay;z++){
  36   2              }
  37   1      }
  38          
  39          void CLOCK(bool z){                     //Clock Function
  40   1              P0_B7 = z;
  41   1      }
  42          void DATA1(bool z){                     //Data 1 Function
  43   1              P0_B3 = z;
  44   1      }
  45          void DATA2(bool z){                     //Data 2 Function
  46   1              P0_B4 = z;
  47   1      }
  48          void DATA3(bool z){                     //Data 3 Function
  49   1              P0_B5 = z;
  50   1      }
  51          void DATA4(bool z){                     //Data 4 Function
C51 COMPILER V9.53.0.0   MAIN                                                              03/31/2017 14:32:26 PAGE 2   

  52   1              P0_B6 = z;
  53   1      }
  54          void OPCODE1(bool z){           //OP Code 1 Function
  55   1              P0_B1 = z;
  56   1      }
  57          void OPCODE2(bool z){           //OP Code 2 Function
  58   1              P0_B2 = z;
  59   1      }
  60          void INSTRUCTIONSET(char opcode, char param) {
  61   1              averagedelay();                 //Start Clock
  62   1              CLOCK(false);                   //Stop Clock
  63   1              averagedelay();                 //Continue Delay for Function
  64   1              DATA1(param & 1);               //Enter DATA for first bit
  65   1              DATA2(param & 2);               //Enter DATA for second bit
  66   1              DATA3(param & 3);               //Enter DATA for third bit
  67   1              DATA4(param & 4);               //Enter DATA for fourth bit
  68   1              OPCODE1(opcode & 1);    //Enter OPCODE for first bit
  69   1              OPCODE2(opcode & 2);    //Enter OPCODE for second bit
  70   1              averagedelay();                 //Continue Delay
  71   1              CLOCK(true);                    //Start Clock Again
  72   1              averagedelay();                 //Delay for Computation
  73   1              CLOCK(false);                   //Disable Clock
  74   1              averagedelay();                 //Delay for Computation
  75   1              CLOCK(true);                    //Start Clock Again
  76   1      }
  77          
  78          int main (void)
  79          {       XBR2 |= 0x40;
  80   1               INSTRUCTIONSET(0x00, 0x00);
  81   1               INSTRUCTIONSET(0x03, 0x01);
  82   1               INSTRUCTIONSET(0x01, 0x01);
  83   1              while (1) {}                             // Spin forever
  84   1      }


MODULE INFORMATION:   STATIC OVERLAYABLE
   CODE SIZE        =    167    ----
   CONSTANT SIZE    =   ----    ----
   XDATA SIZE       =   ----    ----
   PDATA SIZE       =   ----    ----
   DATA SIZE        =      2    ----
   IDATA SIZE       =   ----    ----
   BIT SIZE         =   ----       7
   EDATA SIZE       =   ----    ----
   HDATA SIZE       =   ----    ----
   XDATA CONST SIZE =   ----    ----
   FAR CONST SIZE   =   ----    ----
END OF MODULE INFORMATION.


C51 COMPILATION COMPLETE.  0 WARNING(S),  0 ERROR(S)
