C51 COMPILER V9.53.0.0   EFM8BB3_DAC                                                       03/21/2017 22:31:10 PAGE 1   


C51 COMPILER V9.53.0.0, COMPILATION OF MODULE EFM8BB3_DAC
OBJECT MODULE PLACED IN .\src\EFM8BB3_DAC.OBJ
COMPILER INVOKED BY: c:\SiliconLabs\SimplicityStudio\v4\developer\toolchains\keil_8051\9.53\BIN\C51.exe C:\Users\Ali Rah
                    -man\SimplicityStudio\v4_workspace\EFM8BB3_DAC_2\src\EFM8BB3_DAC.c OMF2 SMALL DEBUG OBJECTEXTEND ROM(LARGE) WARNINGLEVEL(
                    -2) FLOATFUZZY(3) OPTIMIZE(8,SPEED) DEFINE(DEBUG=1) INTVECTOR(0X0000) INTPROMOTE INCDIR(C:\Users\Ali Rahman\SimplicityStu
                    -dio\v4_workspace\EFM8BB3_DAC_2\inc;C:/SiliconLabs/SimplicityStudio/v4/developer/sdks/8051/v4.0.3//Device/shared/si8051ba
                    -se;C:/SiliconLabs/SimplicityStudio/v4/developer/sdks/8051/v4.0.3//Device/EFM8BB3/inc) PRINT(.\src\EFM8BB3_DAC.lst) COND 
                    -PAGEWIDTH(120) PAGELENGTH(65) OBJECT(.\src\EFM8BB3_DAC.OBJ)

line level    source

   1          //-----------------------------------------------------------------------------
   2          // EFM8BB3_DAC.c
   3          //-----------------------------------------------------------------------------
   4          // Copyright 2014 Silicon Laboratories, Inc.
   5          // http://developer.silabs.com/legal/version/v11/Silicon_Labs_Software_License_Agreement.txt
   6          //
   7          // Program Description:
   8          //
   9          // This program outputs a sine wave using DAC0 and DAC1. The DAC
  10          // outputs are scheduled to update at a rate determined by the constant
  11          // <SAMPLE_RATE_DAC>, managed and timed by Timer3.
  12          //
  13          // Implements a 256-entry full-cycle sine table of 12-bit precision.
  14          //
  15          // The output frequency is determined by a 16-bit phase adder.
  16          // At each DAC update cycle, the phase adder value is added to a running
  17          // phase accumulator, <phase_accumulator>, the upper bits of which are used
  18          // to access the sine lookup table.
  19          //
  20          // Resources:
  21          //   SYSCLK - 24.5 MHz HFOSC0 / 1
  22          //   DAC0   - 1 kHz square wave
  23          //   DAC1   - 1 kHz square wave
  24          //   VREF   - 2.4V for DAC reference
  25          //   Timer3 - 200 kHz interrupt / DAC update source
  26          //   P1.4   - LED green
  27          //   P1.5   - LED blue
  28          //   P1.6   - LED red
  29          //   P3.4   - Display enable
  30          //
  31          //-----------------------------------------------------------------------------
  32          // How To Test: EFM8BB3 STK
  33          //-----------------------------------------------------------------------------
  34          // 1) Place the switch in "AEM" mode.
  35          // 2) Connect the EFM8BB3 STK board to a PC using a mini USB cable.
  36          // 3) Compile and download code to the EFM8BB3 STK board.
  37          //    In Simplicity Studio IDE, select Run -> Debug from the menu bar,
  38          //    click the Debug button in the quick menu, or press F11.
  39          // 4) Run the code.
  40          //    In Simplicity Studio IDE, select Run -> Resume from the menu bar,
  41          //    click the Resume button in the quick menu, or press F8.
  42          // 5) Use an oscilloscope to observe DAC0 and DAC1 output on
  43          //    P3.0 and P3.1 respectively. Verify that there is a sine wave
  44          //    with a peak-to-peak amplitude of 2.4V
  45          //
  46          // Target:         EFM8BB3
  47          // Tool chain:     Generic
  48          //
  49          // Release 0.1 (ST)
  50          //    - Initial Revision
  51          //    - 20 MAY 2015
C51 COMPILER V9.53.0.0   EFM8BB3_DAC                                                       03/21/2017 22:31:10 PAGE 2   

  52          //
  53          
  54          //-----------------------------------------------------------------------------
  55          // Includes
  56          //-----------------------------------------------------------------------------
  57          #include <SI_EFM8BB3_Register_Enums.h>
  58          #include <InitDevice.h>
  59          
  60          //-----------------------------------------------------------------------------
  61          // Global Constants
  62          //-----------------------------------------------------------------------------
  63          #define SYSCLK          24500000       // SYSCLK frequency in Hz
  64          #define SAMPLE_RATE_DAC 200000L        // DAC sampling rate in Hz
  65          
  66          //-----------------------------------------------------------------------------
  67          // Pin Definitions
  68          //-----------------------------------------------------------------------------
  69          SI_SBIT (DISP_EN, SFR_P3, 4);          // Display Enable
  70          #define DISP_BC_DRIVEN   0             // 0 = Board Controller drives display
  71          #define DISP_EFM8_DRIVEN 1             // 1 = EFM8 drives display
  72          
  73          //-----------------------------------------------------------------------------
  74          // Timer3_Init
  75          //-----------------------------------------------------------------------------
  76          void Timer3_Init(int counts)
  77          {
  78   1         TMR3CN0  = 0x00;                    // Resets Timer 3, sets to 16 bit mode
  79   1         CKCON0  |= 0x40;                    // Use system clock
  80   1         TMR3RL   = -counts;                 // Initial reload value
  81   1      
  82   1         TMR3    = 0xffff;                   // Sets timer to reload automatically
  83   1         EIE1   |= 0x80;                     // Enable Timer 3 interrupts
  84   1         TMR3CN0 = 0x04;                     // Start Timer 3
  85   1      }
  86          
  87          //-----------------------------------------------------------------------------
  88          // Main Routine
  89          //-----------------------------------------------------------------------------
  90          void main (void)
  91          {
  92   1         enter_DefaultMode_from_RESET();
  93   1      
  94   1         Timer3_Init(SYSCLK/SAMPLE_RATE_DAC);
  95   1      
  96   1         DISP_EN = DISP_BC_DRIVEN;           // Display not driven by EFM8
  97   1      
  98   1         IE_EA = 1;                          // Enable global interrupts
  99   1      
 100   1         while (1);
 101   1      }
 102          
 103          


MODULE INFORMATION:   STATIC OVERLAYABLE
   CODE SIZE        =     44    ----
   CONSTANT SIZE    =   ----    ----
   XDATA SIZE       =   ----    ----
   PDATA SIZE       =   ----    ----
   DATA SIZE        =   ----    ----
   IDATA SIZE       =   ----    ----
   BIT SIZE         =   ----    ----
   EDATA SIZE       =   ----    ----
C51 COMPILER V9.53.0.0   EFM8BB3_DAC                                                       03/21/2017 22:31:10 PAGE 3   

   HDATA SIZE       =   ----    ----
   XDATA CONST SIZE =   ----    ----
   FAR CONST SIZE   =   ----    ----
END OF MODULE INFORMATION.


C51 COMPILATION COMPLETE.  0 WARNING(S),  0 ERROR(S)
