C51 COMPILER V9.53.0.0   RGB_LED                                                           05/08/2017 20:08:18 PAGE 1   


C51 COMPILER V9.53.0.0, COMPILATION OF MODULE RGB_LED
OBJECT MODULE PLACED IN .\lib\bsp\efm8_rgb_led\rgb_led.OBJ
COMPILER INVOKED BY: c:\SiliconLabs\SimplicityStudio\v4\developer\toolchains\keil_8051\9.53\BIN\C51.exe C:\SiliconLabs\S
                    -implicityStudio\v4\developer\sdks\8051\v4.0.3\kits\common\drivers\efm8_rgb_led\rgb_led.c OMF2 SMALL DEBUG OBJECTEXTEND R
                    -OM(LARGE) WARNINGLEVEL(2) FLOATFUZZY(3) OPTIMIZE(8,SPEED) DEFINE(DEBUG=1) INTVECTOR(0X0000) INTPROMOTE INCDIR(C:\Users\A
                    -li Rahman\SimplicityStudio\v4_workspace\EFM8BB3_SpaceInvaders\inc;C:\Users\Ali Rahman\SimplicityStudio\v4_workspace\EFM8
                    -BB3_SpaceInvaders\inc\config;C:/SiliconLabs/SimplicityStudio/v4/developer/sdks/8051/v4.0.3//kits/common/bsp;C:/SiliconLa
                    -bs/SimplicityStudio/v4/developer/sdks/8051/v4.0.3//kits/EFM8BB3_SLSTK2022A/config;C:/SiliconLabs/SimplicityStudio/v4/dev
                    -eloper/sdks/8051/v4.0.3//Device/EFM8BB3/peripheral_driver/inc;C:/SiliconLabs/SimplicityStudio/v4/developer/sdks/8051/v4.
                    -0.3//kits/common/drivers/efm8_joystick;C:/SiliconLabs/SimplicityStudio/v4/developer/sdks/8051/v4.0.3//kits/common/driver
                    -s/efm8_rgb_led;C:/SiliconLabs/SimplicityStudio/v4/developer/sdks/8051/v4.0.3//kits/common/drivers/efm8_memory_lcd/inc;C:
                    -/SiliconLabs/SimplicityStudio/v4/developer/sdks/8051/v4.0.3//kits/common/drivers/efm8_memory_lcd/inc/graphics;C:/Silicon
                    -Labs/SimplicityStudio/v4/developer/sdks/8051/v4.0.3//kits/common/drivers/efm8_memory_lcd/inc/config;C:/SiliconLabs/Simpl
                    -icityStudio/v4/developer/sdks/8051/v4.0.3//Device/shared/si8051base;C:/SiliconLabs/SimplicityStudio/v4/developer/sdks/80
                    -51/v4.0.3//Device/EFM8BB3/inc;C:/SiliconLabs/SimplicityStudio/v4/developer/sdks/8051/v4.0.3//kits/common/drivers/efm8_re
                    -targetserial) PRINT(.\lib\bsp\efm8_rgb_led\rgb_led.lst) COND PAGEWIDTH(120) PAGELENGTH(65) OBJECT(.\lib\bsp\efm8_rgb_led
                    -\rgb_led.OBJ)

line level    source

   1          /////////////////////////////////////////////////////////////////////////////
   2          // rgb_led.c
   3          /////////////////////////////////////////////////////////////////////////////
   4          
   5          #include "bsp.h"
   6          #include "rgb_led.h"
   7          
   8          /////////////////////////////////////////////////////////////////////////////
   9          // Function
  10          /////////////////////////////////////////////////////////////////////////////
  11          
  12          void RGB_SetColor(Color color, uint8_t intensity)
  13          {
  14   1          RGB_CEX_RED = (uint16_t)color.red * intensity / 255;
  15   1          RGB_CEX_GREEN = (uint16_t)color.green * intensity / 255;
  16   1          RGB_CEX_BLUE = (uint16_t)color.blue * intensity / 255;
  17   1      }


MODULE INFORMATION:   STATIC OVERLAYABLE
   CODE SIZE        =     57    ----
   CONSTANT SIZE    =   ----    ----
   XDATA SIZE       =   ----    ----
   PDATA SIZE       =   ----    ----
   DATA SIZE        =   ----       4
   IDATA SIZE       =   ----    ----
   BIT SIZE         =   ----    ----
   EDATA SIZE       =   ----    ----
   HDATA SIZE       =   ----    ----
   XDATA CONST SIZE =   ----    ----
   FAR CONST SIZE   =   ----    ----
END OF MODULE INFORMATION.


C51 COMPILATION COMPLETE.  0 WARNING(S),  0 ERROR(S)
